[0mCompiling "app/js/p/app.js" from ("src/cljs" "env/dev/cljs")...
[32mSuccessfully compiled "app/js/p/app.js" in 0.213 seconds.[0m
[0mCompiling "app/js/p/app.js" from ("src/cljs" "env/dev/cljs")...
[32mSuccessfully compiled "app/js/p/app.js" in 0.222 seconds.[0m
[0mCompiling "app/js/p/app.js" from ["src/cljs" "env/dev/cljs"]...
WARNING: Use of undeclared Var skarbnik.core/data at line 28 src/cljs/skarbnik/core.cljs
notifying browser that file changed:  app/js/p/out/goog/deps.js
notifying browser that file changed:  app/js/p/out/cljs_deps.js
notifying browser that file changed:  out/skarbnik/core.js
[32mSuccessfully compiled "app/js/p/app.js" in 0.67 seconds.[0m
[0mCompiling "app/js/p/app.js" from ["src/cljs" "env/dev/cljs"]...
notifying browser that file changed:  out/skarbnik/core.js
[32mSuccessfully compiled "app/js/p/app.js" in 0.37 seconds.[0m
[0mCompiling "app/js/p/app.js" from ["src/cljs" "env/dev/cljs"]...
notifying browser that file changed:  out/skarbnik/core.js
[32mSuccessfully compiled "app/js/p/app.js" in 0.327 seconds.[0m
[0mCompiling "app/js/p/app.js" from ["src/cljs" "env/dev/cljs"]...
notifying browser that file changed:  out/skarbnik/core.js
[32mSuccessfully compiled "app/js/p/app.js" in 0.388 seconds.[0m
[0mCompiling "app/js/p/app.js" from ["src/cljs" "env/dev/cljs"]...
notifying browser that file changed:  app/js/p/out/goog/deps.js
notifying browser that file changed:  app/js/p/out/cljs_deps.js
notifying browser that file changed:  out/skarbnik/core.js
[32mSuccessfully compiled "app/js/p/app.js" in 0.501 seconds.[0m
[0mCompiling "app/js/p/app.js" from ["src/cljs" "env/dev/cljs"]...
notifying browser that file changed:  out/skarbnik/core.js
[32mSuccessfully compiled "app/js/p/app.js" in 0.337 seconds.[0m
[0mCompiling "app/js/p/app.js" from ["src/cljs" "env/dev/cljs"]...
notifying browser that file changed:  out/skarbnik/core.js
[32mSuccessfully compiled "app/js/p/app.js" in 0.355 seconds.[0m
[0mCompiling "app/js/p/app.js" from ["src/cljs" "env/dev/cljs"]...
notifying browser that file changed:  out/skarbnik/core.js
[32mSuccessfully compiled "app/js/p/app.js" in 0.352 seconds.[0m
[0mCompiling "app/js/p/app.js" from ["src/cljs" "env/dev/cljs"]...
notifying browser that file changed:  app/js/p/out/goog/deps.js
notifying browser that file changed:  app/js/p/out/cljs_deps.js
notifying browser that file changed:  out/skarbnik/core.js
[32mSuccessfully compiled "app/js/p/app.js" in 0.632 seconds.[0m
[0mCompiling "app/js/p/app.js" from ["src/cljs" "env/dev/cljs"]...
notifying browser that file changed:  out/skarbnik/core.js
[32mSuccessfully compiled "app/js/p/app.js" in 0.408 seconds.[0m
[0mCompiling "app/js/p/app.js" from ["src/cljs" "env/dev/cljs"]...
notifying browser that file changed:  out/skarbnik/core.js
[32mSuccessfully compiled "app/js/p/app.js" in 0.339 seconds.[0m
[0mCompiling "app/js/p/app.js" from ["src/cljs" "env/dev/cljs"]...
notifying browser that file changed:  out/skarbnik/core.js
[32mSuccessfully compiled "app/js/p/app.js" in 0.317 seconds.[0m
[0mCompiling "app/js/p/app.js" from ["src/cljs" "env/dev/cljs"]...
notifying browser that file changed:  out/skarbnik/core.js
[32mSuccessfully compiled "app/js/p/app.js" in 0.296 seconds.[0m
[0mCompiling "app/js/p/app.js" from ["src/cljs" "env/dev/cljs"]...
notifying browser that file changed:  out/skarbnik/core.js
[32mSuccessfully compiled "app/js/p/app.js" in 0.329 seconds.[0m
[0mCompiling "app/js/p/app.js" from ["src/cljs" "env/dev/cljs"]...
notifying browser that file changed:  out/skarbnik/core.js
[32mSuccessfully compiled "app/js/p/app.js" in 0.303 seconds.[0m
[0mCompiling "app/js/p/app.js" from ["src/cljs" "env/dev/cljs"]...
notifying browser that file changed:  out/skarbnik/core.js
[32mSuccessfully compiled "app/js/p/app.js" in 0.3 seconds.[0m
[0mCompiling "app/js/p/app.js" from ["src/cljs" "env/dev/cljs"]...
notifying browser that file changed:  out/skarbnik/core.js
[32mSuccessfully compiled "app/js/p/app.js" in 0.312 seconds.[0m
[0mCompiling "app/js/p/app.js" from ["src/cljs" "env/dev/cljs"]...
notifying browser that file changed:  out/skarbnik/core.js
[32mSuccessfully compiled "app/js/p/app.js" in 0.304 seconds.[0m
[0mCompiling "app/js/p/app.js" from ["src/cljs" "env/dev/cljs"]...
notifying browser that file changed:  out/skarbnik/core.js
[32mSuccessfully compiled "app/js/p/app.js" in 0.326 seconds.[0m
[0mCompiling "app/js/p/app.js" from ["src/cljs" "env/dev/cljs"]...
notifying browser that file changed:  out/skarbnik/core.js
[32mSuccessfully compiled "app/js/p/app.js" in 0.301 seconds.[0m
[0mCompiling "app/js/p/app.js" from ["src/cljs" "env/dev/cljs"]...
notifying browser that file changed:  out/skarbnik/core.js
[32mSuccessfully compiled "app/js/p/app.js" in 0.323 seconds.[0m
[0mCompiling "app/js/p/app.js" from ["src/cljs" "env/dev/cljs"]...
notifying browser that file changed:  out/skarbnik/core.js
[32mSuccessfully compiled "app/js/p/app.js" in 0.302 seconds.[0m
[0mCompiling "app/js/p/app.js" from ["src/cljs" "env/dev/cljs"]...
WARNING: Wrong number of args (1) passed to skarbnik.core/get-total at line 119 src/cljs/skarbnik/core.cljs
notifying browser that file changed:  out/skarbnik/core.js
[32mSuccessfully compiled "app/js/p/app.js" in 0.359 seconds.[0m
[0mCompiling "app/js/p/app.js" from ["src/cljs" "env/dev/cljs"]...
notifying browser that file changed:  out/skarbnik/core.js
[32mSuccessfully compiled "app/js/p/app.js" in 0.289 seconds.[0m
[0mCompiling "app/js/p/app.js" from ["src/cljs" "env/dev/cljs"]...
notifying browser that file changed:  out/skarbnik/core.js
[32mSuccessfully compiled "app/js/p/app.js" in 0.328 seconds.[0m
[0mCompiling "app/js/p/app.js" from ["src/cljs" "env/dev/cljs"]...
WARNING: No such namespace: string, could not locate string.cljs, string.cljc, or Closure namespace "" at line 20 src/cljs/skarbnik/utils.cljs
WARNING: Use of undeclared Var string/join at line 20 src/cljs/skarbnik/utils.cljs
WARNING: No such namespace: string, could not locate string.cljs, string.cljc, or Closure namespace "" at line 21 src/cljs/skarbnik/utils.cljs
WARNING: Use of undeclared Var string/split at line 21 src/cljs/skarbnik/utils.cljs
notifying browser that file changed:  app/js/p/out/cljs_deps.js
notifying browser that file changed:  out/skarbnik/utils.js
[32mSuccessfully compiled "app/js/p/app.js" in 0.244 seconds.[0m
[0mCompiling "app/js/p/app.js" from ["src/cljs" "env/dev/cljs"]...
notifying browser that file changed:  app/js/p/out/cljs_deps.js
notifying browser that file changed:  out/skarbnik/utils.js
[32mSuccessfully compiled "app/js/p/app.js" in 0.211 seconds.[0m
[0mCompiling "app/js/p/app.js" from ["src/cljs" "env/dev/cljs"]...
notifying browser that file changed:  out/skarbnik/utils.js
[32mSuccessfully compiled "app/js/p/app.js" in 0.211 seconds.[0m
[0mCompiling "app/js/p/app.js" from ["src/cljs" "env/dev/cljs"]...
notifying browser that file changed:  app/js/p/out/cljs_deps.js
notifying browser that file changed:  out/skarbnik/core.js
[32mSuccessfully compiled "app/js/p/app.js" in 0.341 seconds.[0m
[0mCompiling "app/js/p/app.js" from ["src/cljs" "env/dev/cljs"]...
notifying browser that file changed:  out/skarbnik/core.js
[32mSuccessfully compiled "app/js/p/app.js" in 0.276 seconds.[0m
[0mCompiling "app/js/p/app.js" from ["src/cljs" "env/dev/cljs"]...
notifying browser that file changed:  out/skarbnik/core.js
[32mSuccessfully compiled "app/js/p/app.js" in 0.266 seconds.[0m
[0mCompiling "app/js/p/app.js" from ["src/cljs" "env/dev/cljs"]...
notifying browser that file changed:  out/skarbnik/core.js
[32mSuccessfully compiled "app/js/p/app.js" in 0.314 seconds.[0m
[0mCompiling "app/js/p/app.js" from ["src/cljs" "env/dev/cljs"]...
notifying browser that file changed:  out/skarbnik/core.js
[32mSuccessfully compiled "app/js/p/app.js" in 0.252 seconds.[0m
[0mCompiling "app/js/p/app.js" from ["src/cljs" "env/dev/cljs"]...
notifying browser that file changed:  out/skarbnik/core.js
[32mSuccessfully compiled "app/js/p/app.js" in 0.256 seconds.[0m
[0mCompiling "app/js/p/app.js" from ["src/cljs" "env/dev/cljs"]...
notifying browser that file changed:  out/skarbnik/core.js
[32mSuccessfully compiled "app/js/p/app.js" in 0.265 seconds.[0m
[0mCompiling "app/js/p/app.js" from ["src/cljs" "env/dev/cljs"]...
notifying browser that file changed:  out/skarbnik/core.js
[32mSuccessfully compiled "app/js/p/app.js" in 0.264 seconds.[0m
[0mCompiling "app/js/p/app.js" from ["src/cljs" "env/dev/cljs"]...
notifying browser that file changed:  out/skarbnik/core.js
[32mSuccessfully compiled "app/js/p/app.js" in 0.295 seconds.[0m
[0mCompiling "app/js/p/app.js" from ["src/cljs" "env/dev/cljs"]...
notifying browser that file changed:  out/skarbnik/core.js
[32mSuccessfully compiled "app/js/p/app.js" in 0.261 seconds.[0m
[0mCompiling "app/js/p/app.js" from ["src/cljs" "env/dev/cljs"]...
notifying browser that file changed:  out/skarbnik/core.js
[32mSuccessfully compiled "app/js/p/app.js" in 0.255 seconds.[0m
[0mCompiling "app/js/p/app.js" from ["src/cljs" "env/dev/cljs"]...
notifying browser that file changed:  out/skarbnik/core.js
[32mSuccessfully compiled "app/js/p/app.js" in 0.258 seconds.[0m
[0mCompiling "app/js/p/app.js" from ["src/cljs" "env/dev/cljs"]...
notifying browser that file changed:  out/skarbnik/core.js
[32mSuccessfully compiled "app/js/p/app.js" in 0.258 seconds.[0m
[0mCompiling "app/js/p/app.js" from ["src/cljs" "env/dev/cljs"]...
notifying browser that file changed:  out/skarbnik/core.js
[32mSuccessfully compiled "app/js/p/app.js" in 0.291 seconds.[0m
[0mCompiling "app/js/p/app.js" from ["src/cljs" "env/dev/cljs"]...
notifying browser that file changed:  out/skarbnik/core.js
[32mSuccessfully compiled "app/js/p/app.js" in 0.238 seconds.[0m
[0mCompiling "app/js/p/app.js" from ["src/cljs" "env/dev/cljs"]...
notifying browser that file changed:  out/skarbnik/core.js
[32mSuccessfully compiled "app/js/p/app.js" in 0.252 seconds.[0m
sending changed CSS file: app/css/main.css
sending changed CSS file: app/css/main.css
sending changed CSS file: app/css/main.css
sending changed CSS file: app/css/main.css
sending changed CSS file: app/css/main.css
sending changed CSS file: app/css/main.css
[0mCompiling "app/js/p/app.js" from ["src/cljs" "env/dev/cljs"]...
notifying browser that file changed:  out/skarbnik/core.js
[32mSuccessfully compiled "app/js/p/app.js" in 0.261 seconds.[0m
sending changed CSS file: app/css/main.css
sending changed CSS file: app/css/main.css
[0mCompiling "app/js/p/app.js" from ["src/cljs" "env/dev/cljs"]...
notifying browser that file changed:  out/skarbnik/core.js
[32mSuccessfully compiled "app/js/p/app.js" in 0.294 seconds.[0m
[0mCompiling "app/js/p/app.js" from ["src/cljs" "env/dev/cljs"]...
notifying browser that file changed:  out/skarbnik/core.js
[32mSuccessfully compiled "app/js/p/app.js" in 0.301 seconds.[0m
[0mCompiling "app/js/p/app.js" from ["src/cljs" "env/dev/cljs"]...
notifying browser that file changed:  out/skarbnik/core.js
[32mSuccessfully compiled "app/js/p/app.js" in 0.254 seconds.[0m
[0mCompiling "app/js/p/app.js" from ["src/cljs" "env/dev/cljs"]...
[31mCompiling "app/js/p/app.js" failed.
[0mERROR: Map literal must contain an even number of forms on file /home/arseny/Documents/electron-cljs/skarbnik/src/cljs/skarbnik/core.cljs, line 83, column 36
[32mSuccessfully compiled "app/js/p/app.js" in 0.163 seconds.[0m
[0mCompiling "app/js/p/app.js" from ["src/cljs" "env/dev/cljs"]...
[31mCompiling "app/js/p/app.js" failed.
[0mERROR: Map literal must contain an even number of forms on file /home/arseny/Documents/electron-cljs/skarbnik/src/cljs/skarbnik/core.cljs, line 83, column 36
[32mSuccessfully compiled "app/js/p/app.js" in 0.158 seconds.[0m
[0mCompiling "app/js/p/app.js" from ["src/cljs" "env/dev/cljs"]...
[31mCompiling "app/js/p/app.js" failed.
[0mERROR: Map literal must contain an even number of forms on file /home/arseny/Documents/electron-cljs/skarbnik/src/cljs/skarbnik/core.cljs, line 81, column 75
[32mSuccessfully compiled "app/js/p/app.js" in 0.168 seconds.[0m
[0mCompiling "app/js/p/app.js" from ["src/cljs" "env/dev/cljs"]...
[31mCompiling "app/js/p/app.js" failed.
[0mERROR: Map literal must contain an even number of forms on file /home/arseny/Documents/electron-cljs/skarbnik/src/cljs/skarbnik/core.cljs, line 81, column 71
[32mSuccessfully compiled "app/js/p/app.js" in 0.166 seconds.[0m
[0mCompiling "app/js/p/app.js" from ["src/cljs" "env/dev/cljs"]...
notifying browser that file changed:  out/skarbnik/core.js
[32mSuccessfully compiled "app/js/p/app.js" in 0.261 seconds.[0m
[0mCompiling "app/js/p/app.js" from ["src/cljs" "env/dev/cljs"]...
notifying browser that file changed:  out/skarbnik/core.js
[32mSuccessfully compiled "app/js/p/app.js" in 0.257 seconds.[0m
[0mCompiling "app/js/p/app.js" from ["src/cljs" "env/dev/cljs"]...
notifying browser that file changed:  out/skarbnik/core.js
[32mSuccessfully compiled "app/js/p/app.js" in 0.251 seconds.[0m
sending changed CSS file: app/css/main.css
[0mCompiling "app/js/p/app.js" from ["src/cljs" "env/dev/cljs"]...
notifying browser that file changed:  out/skarbnik/utils.js
[32mSuccessfully compiled "app/js/p/app.js" in 0.279 seconds.[0m
[0mCompiling "app/js/p/app.js" from ["src/cljs" "env/dev/cljs"]...
notifying browser that file changed:  out/skarbnik/utils.js
[32mSuccessfully compiled "app/js/p/app.js" in 0.289 seconds.[0m
[0mCompiling "app/js/p/app.js" from ["src/cljs" "env/dev/cljs"]...
notifying browser that file changed:  out/skarbnik/utils.js
[32mSuccessfully compiled "app/js/p/app.js" in 0.364 seconds.[0m
[0mCompiling "app/js/p/app.js" from ["src/cljs" "env/dev/cljs"]...
notifying browser that file changed:  out/skarbnik/utils.js
[32mSuccessfully compiled "app/js/p/app.js" in 0.244 seconds.[0m
[0mCompiling "app/js/p/app.js" from ["src/cljs" "env/dev/cljs"]...
notifying browser that file changed:  out/skarbnik/utils.js
[32mSuccessfully compiled "app/js/p/app.js" in 0.28 seconds.[0m
[0mCompiling "app/js/p/app.js" from ["src/cljs" "env/dev/cljs"]...
notifying browser that file changed:  out/skarbnik/utils.js
[32mSuccessfully compiled "app/js/p/app.js" in 0.286 seconds.[0m
[0mCompiling "app/js/p/app.js" from ["src/cljs" "env/dev/cljs"]...
notifying browser that file changed:  out/skarbnik/utils.js
[32mSuccessfully compiled "app/js/p/app.js" in 0.292 seconds.[0m
[0mCompiling "app/js/p/app.js" from ["src/cljs" "env/dev/cljs"]...
notifying browser that file changed:  out/skarbnik/utils.js
[32mSuccessfully compiled "app/js/p/app.js" in 0.31 seconds.[0m
[0mCompiling "app/js/p/app.js" from ["src/cljs" "env/dev/cljs"]...
notifying browser that file changed:  out/skarbnik/utils.js
[32mSuccessfully compiled "app/js/p/app.js" in 0.279 seconds.[0m
[0mCompiling "app/js/p/app.js" from ["src/cljs" "env/dev/cljs"]...
notifying browser that file changed:  out/skarbnik/core.js
[32mSuccessfully compiled "app/js/p/app.js" in 0.279 seconds.[0m
[0mCompiling "app/js/p/app.js" from ["src/cljs" "env/dev/cljs"]...
notifying browser that file changed:  out/skarbnik/core.js
[32mSuccessfully compiled "app/js/p/app.js" in 0.261 seconds.[0m
[0mCompiling "app/js/p/app.js" from ["src/cljs" "env/dev/cljs"]...
notifying browser that file changed:  out/skarbnik/core.js
[32mSuccessfully compiled "app/js/p/app.js" in 0.259 seconds.[0m
[0mCompiling "app/js/p/app.js" from ["src/cljs" "env/dev/cljs"]...
notifying browser that file changed:  out/skarbnik/core.js
[32mSuccessfully compiled "app/js/p/app.js" in 0.254 seconds.[0m
[0mCompiling "app/js/p/app.js" from ["src/cljs" "env/dev/cljs"]...
notifying browser that file changed:  out/skarbnik/core.js
[32mSuccessfully compiled "app/js/p/app.js" in 0.308 seconds.[0m
[0mCompiling "app/js/p/app.js" from ["src/cljs" "env/dev/cljs"]...
notifying browser that file changed:  out/skarbnik/core.js
[32mSuccessfully compiled "app/js/p/app.js" in 0.247 seconds.[0m
[0mCompiling "app/js/p/app.js" from ["src/cljs" "env/dev/cljs"]...
notifying browser that file changed:  out/skarbnik/core.js
[32mSuccessfully compiled "app/js/p/app.js" in 0.253 seconds.[0m
[0mCompiling "app/js/p/app.js" from ["src/cljs" "env/dev/cljs"]...
notifying browser that file changed:  out/skarbnik/core.js
[32mSuccessfully compiled "app/js/p/app.js" in 0.272 seconds.[0m
[0mCompiling "app/js/p/app.js" from ["src/cljs" "env/dev/cljs"]...
notifying browser that file changed:  out/skarbnik/core.js
[32mSuccessfully compiled "app/js/p/app.js" in 0.267 seconds.[0m
[0mCompiling "app/js/p/app.js" from ["src/cljs" "env/dev/cljs"]...
notifying browser that file changed:  out/skarbnik/core.js
[32mSuccessfully compiled "app/js/p/app.js" in 0.244 seconds.[0m
[0mCompiling "app/js/p/app.js" from ["src/cljs" "env/dev/cljs"]...
notifying browser that file changed:  out/skarbnik/core.js
[32mSuccessfully compiled "app/js/p/app.js" in 0.26 seconds.[0m
[0mCompiling "app/js/p/app.js" from ["src/cljs" "env/dev/cljs"]...
notifying browser that file changed:  out/skarbnik/core.js
[32mSuccessfully compiled "app/js/p/app.js" in 0.265 seconds.[0m
[0mCompiling "app/js/p/app.js" from ["src/cljs" "env/dev/cljs"]...
notifying browser that file changed:  out/skarbnik/core.js
[32mSuccessfully compiled "app/js/p/app.js" in 0.255 seconds.[0m
[0mCompiling "app/js/p/app.js" from ["src/cljs" "env/dev/cljs"]...
[31mCompiling "app/js/p/app.js" failed.
[0mERROR: Unmatched delimiter ) on file /home/arseny/Documents/electron-cljs/skarbnik/src/cljs/skarbnik/core.cljs, line 93, column 61
[32mSuccessfully compiled "app/js/p/app.js" in 0.16 seconds.[0m
[0mCompiling "app/js/p/app.js" from ["src/cljs" "env/dev/cljs"]...
notifying browser that file changed:  out/skarbnik/core.js
[32mSuccessfully compiled "app/js/p/app.js" in 0.285 seconds.[0m
[0mCompiling "app/js/p/app.js" from ["src/cljs" "env/dev/cljs"]...
notifying browser that file changed:  out/skarbnik/core.js
[32mSuccessfully compiled "app/js/p/app.js" in 0.248 seconds.[0m
[0mCompiling "app/js/p/app.js" from ["src/cljs" "env/dev/cljs"]...
WARNING: Use of undeclared Var skarbnik.core/JSON at line 95 /home/arseny/Documents/electron-cljs/skarbnik/src/cljs/skarbnik/core.cljs
notifying browser that file changed:  out/skarbnik/core.js
[32mSuccessfully compiled "app/js/p/app.js" in 0.298 seconds.[0m
[0mCompiling "app/js/p/app.js" from ["src/cljs" "env/dev/cljs"]...
notifying browser that file changed:  out/skarbnik/core.js
[32mSuccessfully compiled "app/js/p/app.js" in 0.27 seconds.[0m
[0mCompiling "app/js/p/app.js" from ["src/cljs" "env/dev/cljs"]...
notifying browser that file changed:  out/skarbnik/core.js
[32mSuccessfully compiled "app/js/p/app.js" in 0.261 seconds.[0m
[0mCompiling "app/js/p/app.js" from ["src/cljs" "env/dev/cljs"]...
notifying browser that file changed:  out/skarbnik/core.js
[32mSuccessfully compiled "app/js/p/app.js" in 0.259 seconds.[0m
[0mCompiling "app/js/p/app.js" from ["src/cljs" "env/dev/cljs"]...
notifying browser that file changed:  out/skarbnik/core.js
[32mSuccessfully compiled "app/js/p/app.js" in 0.274 seconds.[0m
[0mCompiling "app/js/p/app.js" from ["src/cljs" "env/dev/cljs"]...
notifying browser that file changed:  out/skarbnik/core.js
[32mSuccessfully compiled "app/js/p/app.js" in 0.253 seconds.[0m
[0mCompiling "app/js/p/app.js" from ["src/cljs" "env/dev/cljs"]...
notifying browser that file changed:  out/skarbnik/core.js
[32mSuccessfully compiled "app/js/p/app.js" in 0.25 seconds.[0m
[0mCompiling "app/js/p/app.js" from ["src/cljs" "env/dev/cljs"]...
notifying browser that file changed:  out/skarbnik/core.js
[32mSuccessfully compiled "app/js/p/app.js" in 0.341 seconds.[0m
[0mCompiling "app/js/p/app.js" from ["src/cljs" "env/dev/cljs"]...
notifying browser that file changed:  out/skarbnik/core.js
[32mSuccessfully compiled "app/js/p/app.js" in 0.259 seconds.[0m
[0mCompiling "app/js/p/app.js" from ["src/cljs" "env/dev/cljs"]...
notifying browser that file changed:  out/skarbnik/core.js
[32mSuccessfully compiled "app/js/p/app.js" in 0.275 seconds.[0m
[0mCompiling "app/js/p/app.js" from ["src/cljs" "env/dev/cljs"]...
notifying browser that file changed:  out/skarbnik/core.js
[32mSuccessfully compiled "app/js/p/app.js" in 0.275 seconds.[0m
[0mCompiling "app/js/p/app.js" from ["src/cljs" "env/dev/cljs"]...
notifying browser that file changed:  out/skarbnik/core.js
[32mSuccessfully compiled "app/js/p/app.js" in 0.262 seconds.[0m
[0mCompiling "app/js/p/app.js" from ["src/cljs" "env/dev/cljs"]...
notifying browser that file changed:  out/skarbnik/core.js
[32mSuccessfully compiled "app/js/p/app.js" in 0.267 seconds.[0m
[0mCompiling "app/js/p/app.js" from ["src/cljs" "env/dev/cljs"]...
notifying browser that file changed:  out/skarbnik/core.js
[32mSuccessfully compiled "app/js/p/app.js" in 0.269 seconds.[0m
[0mCompiling "app/js/p/app.js" from ["src/cljs" "env/dev/cljs"]...
notifying browser that file changed:  out/skarbnik/core.js
[32mSuccessfully compiled "app/js/p/app.js" in 0.262 seconds.[0m
[0mCompiling "app/js/p/app.js" from ["src/cljs" "env/dev/cljs"]...
notifying browser that file changed:  out/skarbnik/core.js
[32mSuccessfully compiled "app/js/p/app.js" in 0.288 seconds.[0m
[0mCompiling "app/js/p/app.js" from ["src/cljs" "env/dev/cljs"]...
notifying browser that file changed:  out/skarbnik/core.js
[32mSuccessfully compiled "app/js/p/app.js" in 0.259 seconds.[0m
[0mCompiling "app/js/p/app.js" from ["src/cljs" "env/dev/cljs"]...
notifying browser that file changed:  out/skarbnik/core.js
[32mSuccessfully compiled "app/js/p/app.js" in 0.243 seconds.[0m
[0mCompiling "app/js/p/app.js" from ["src/cljs" "env/dev/cljs"]...
notifying browser that file changed:  out/skarbnik/core.js
[32mSuccessfully compiled "app/js/p/app.js" in 0.315 seconds.[0m
[0mCompiling "app/js/p/app.js" from ["src/cljs" "env/dev/cljs"]...
notifying browser that file changed:  out/skarbnik/core.js
[32mSuccessfully compiled "app/js/p/app.js" in 0.266 seconds.[0m
[0mCompiling "app/js/p/app.js" from ["src/cljs" "env/dev/cljs"]...
notifying browser that file changed:  out/skarbnik/core.js
[32mSuccessfully compiled "app/js/p/app.js" in 0.293 seconds.[0m
[0mCompiling "app/js/p/app.js" from ["src/cljs" "env/dev/cljs"]...
notifying browser that file changed:  out/skarbnik/core.js
[32mSuccessfully compiled "app/js/p/app.js" in 0.265 seconds.[0m
[0mCompiling "app/js/p/app.js" from ["src/cljs" "env/dev/cljs"]...
notifying browser that file changed:  out/skarbnik/core.js
[32mSuccessfully compiled "app/js/p/app.js" in 0.238 seconds.[0m
[0mCompiling "app/js/p/app.js" from ["src/cljs" "env/dev/cljs"]...
notifying browser that file changed:  out/skarbnik/core.js
[32mSuccessfully compiled "app/js/p/app.js" in 0.267 seconds.[0m
[0mCompiling "app/js/p/app.js" from ["src/cljs" "env/dev/cljs"]...
notifying browser that file changed:  out/skarbnik/core.js
[32mSuccessfully compiled "app/js/p/app.js" in 0.276 seconds.[0m
[0mCompiling "app/js/p/app.js" from ["src/cljs" "env/dev/cljs"]...
notifying browser that file changed:  out/skarbnik/core.js
[32mSuccessfully compiled "app/js/p/app.js" in 0.258 seconds.[0m
[0mCompiling "app/js/p/app.js" from ["src/cljs" "env/dev/cljs"]...
notifying browser that file changed:  out/skarbnik/core.js
[32mSuccessfully compiled "app/js/p/app.js" in 0.25 seconds.[0m
[0mCompiling "app/js/p/app.js" from ["src/cljs" "env/dev/cljs"]...
notifying browser that file changed:  out/skarbnik/core.js
[32mSuccessfully compiled "app/js/p/app.js" in 0.309 seconds.[0m
[0mCompiling "app/js/p/app.js" from ["src/cljs" "env/dev/cljs"]...
WARNING: Wrong number of args (0) passed to skarbnik.core/filter-by-date at line 126 /home/arseny/Documents/electron-cljs/skarbnik/src/cljs/skarbnik/core.cljs
notifying browser that file changed:  out/skarbnik/core.js
[32mSuccessfully compiled "app/js/p/app.js" in 0.322 seconds.[0m
[0mCompiling "app/js/p/app.js" from ["src/cljs" "env/dev/cljs"]...
notifying browser that file changed:  out/skarbnik/core.js
[32mSuccessfully compiled "app/js/p/app.js" in 0.324 seconds.[0m
[0mCompiling "app/js/p/app.js" from ["src/cljs" "env/dev/cljs"]...
notifying browser that file changed:  out/skarbnik/core.js
[32mSuccessfully compiled "app/js/p/app.js" in 0.272 seconds.[0m
[0mCompiling "app/js/p/app.js" from ["src/cljs" "env/dev/cljs"]...
notifying browser that file changed:  out/skarbnik/core.js
[32mSuccessfully compiled "app/js/p/app.js" in 0.346 seconds.[0m
[0mCompiling "app/js/p/app.js" from ["src/cljs" "env/dev/cljs"]...
notifying browser that file changed:  out/skarbnik/core.js
[32mSuccessfully compiled "app/js/p/app.js" in 0.274 seconds.[0m
[0mCompiling "app/js/p/app.js" from ["src/cljs" "env/dev/cljs"]...
notifying browser that file changed:  out/skarbnik/core.js
[32mSuccessfully compiled "app/js/p/app.js" in 0.285 seconds.[0m
[0mCompiling "app/js/p/app.js" from ["src/cljs" "env/dev/cljs"]...
notifying browser that file changed:  out/skarbnik/core.js
[32mSuccessfully compiled "app/js/p/app.js" in 0.293 seconds.[0m
[0mCompiling "app/js/p/app.js" from ["src/cljs" "env/dev/cljs"]...
notifying browser that file changed:  out/skarbnik/core.js
[32mSuccessfully compiled "app/js/p/app.js" in 0.282 seconds.[0m
[0mCompiling "app/js/p/app.js" from ["src/cljs" "env/dev/cljs"]...
notifying browser that file changed:  out/skarbnik/core.js
[32mSuccessfully compiled "app/js/p/app.js" in 0.319 seconds.[0m
[0mCompiling "app/js/p/app.js" from ["src/cljs" "env/dev/cljs"]...
notifying browser that file changed:  out/skarbnik/core.js
[32mSuccessfully compiled "app/js/p/app.js" in 0.279 seconds.[0m
[0mCompiling "app/js/p/app.js" from ["src/cljs" "env/dev/cljs"]...
notifying browser that file changed:  out/skarbnik/core.js
[32mSuccessfully compiled "app/js/p/app.js" in 0.285 seconds.[0m
[0mCompiling "app/js/p/app.js" from ["src/cljs" "env/dev/cljs"]...
notifying browser that file changed:  out/skarbnik/core.js
[32mSuccessfully compiled "app/js/p/app.js" in 0.293 seconds.[0m
[0mCompiling "app/js/p/app.js" from ["src/cljs" "env/dev/cljs"]...
notifying browser that file changed:  out/skarbnik/core.js
[32mSuccessfully compiled "app/js/p/app.js" in 0.294 seconds.[0m
[0mCompiling "app/js/p/app.js" from ["src/cljs" "env/dev/cljs"]...
WARNING: Wrong number of args (2) passed to skarbnik.core/compare-dates at line 83 /home/arseny/Documents/electron-cljs/skarbnik/src/cljs/skarbnik/core.cljs
WARNING: Wrong number of args (2) passed to skarbnik.core/compare-dates at line 83 /home/arseny/Documents/electron-cljs/skarbnik/src/cljs/skarbnik/core.cljs
WARNING: Wrong number of args (2) passed to skarbnik.core/compare-dates at line 84 /home/arseny/Documents/electron-cljs/skarbnik/src/cljs/skarbnik/core.cljs
notifying browser that file changed:  out/skarbnik/core.js
[32mSuccessfully compiled "app/js/p/app.js" in 0.34 seconds.[0m
[0mCompiling "app/js/p/app.js" from ["src/cljs" "env/dev/cljs"]...
notifying browser that file changed:  out/skarbnik/core.js
[32mSuccessfully compiled "app/js/p/app.js" in 0.285 seconds.[0m
[0mCompiling "app/js/p/app.js" from ["src/cljs" "env/dev/cljs"]...
notifying browser that file changed:  out/skarbnik/core.js
[32mSuccessfully compiled "app/js/p/app.js" in 0.302 seconds.[0m
[0mCompiling "app/js/p/app.js" from ["src/cljs" "env/dev/cljs"]...
notifying browser that file changed:  out/skarbnik/core.js
[32mSuccessfully compiled "app/js/p/app.js" in 0.297 seconds.[0m
[0mCompiling "app/js/p/app.js" from ["src/cljs" "env/dev/cljs"]...
notifying browser that file changed:  out/skarbnik/core.js
[32mSuccessfully compiled "app/js/p/app.js" in 0.284 seconds.[0m
[0mCompiling "app/js/p/app.js" from ["src/cljs" "env/dev/cljs"]...
notifying browser that file changed:  out/skarbnik/core.js
[32mSuccessfully compiled "app/js/p/app.js" in 0.287 seconds.[0m
[0mCompiling "app/js/p/app.js" from ["src/cljs" "env/dev/cljs"]...
notifying browser that file changed:  out/skarbnik/core.js
[32mSuccessfully compiled "app/js/p/app.js" in 0.288 seconds.[0m
[0mCompiling "app/js/p/app.js" from ["src/cljs" "env/dev/cljs"]...
notifying browser that file changed:  out/skarbnik/core.js
[32mSuccessfully compiled "app/js/p/app.js" in 0.29 seconds.[0m
[0mCompiling "app/js/p/app.js" from ["src/cljs" "env/dev/cljs"]...
notifying browser that file changed:  out/skarbnik/core.js
[32mSuccessfully compiled "app/js/p/app.js" in 0.29 seconds.[0m
[0mCompiling "app/js/p/app.js" from ["src/cljs" "env/dev/cljs"]...
notifying browser that file changed:  out/skarbnik/core.js
[32mSuccessfully compiled "app/js/p/app.js" in 0.293 seconds.[0m
[0mCompiling "app/js/p/app.js" from ["src/cljs" "env/dev/cljs"]...
notifying browser that file changed:  out/skarbnik/core.js
[32mSuccessfully compiled "app/js/p/app.js" in 0.285 seconds.[0m
[0mCompiling "app/js/p/app.js" from ["src/cljs" "env/dev/cljs"]...
notifying browser that file changed:  out/skarbnik/core.js
[32mSuccessfully compiled "app/js/p/app.js" in 0.28 seconds.[0m
[0mCompiling "app/js/p/app.js" from ["src/cljs" "env/dev/cljs"]...
notifying browser that file changed:  out/skarbnik/core.js
[32mSuccessfully compiled "app/js/p/app.js" in 0.295 seconds.[0m
[0mCompiling "app/js/p/app.js" from ["src/cljs" "env/dev/cljs"]...
notifying browser that file changed:  out/skarbnik/core.js
[32mSuccessfully compiled "app/js/p/app.js" in 0.302 seconds.[0m
[0mCompiling "app/js/p/app.js" from ["src/cljs" "env/dev/cljs"]...
notifying browser that file changed:  out/skarbnik/core.js
[32mSuccessfully compiled "app/js/p/app.js" in 0.302 seconds.[0m
[0mCompiling "app/js/p/app.js" from ["src/cljs" "env/dev/cljs"]...
notifying browser that file changed:  out/skarbnik/core.js
[32mSuccessfully compiled "app/js/p/app.js" in 0.27 seconds.[0m
[0mCompiling "app/js/p/app.js" from ["src/cljs" "env/dev/cljs"]...
notifying browser that file changed:  out/skarbnik/core.js
[32mSuccessfully compiled "app/js/p/app.js" in 0.286 seconds.[0m
[0mCompiling "app/js/p/app.js" from ["src/cljs" "env/dev/cljs"]...
notifying browser that file changed:  out/skarbnik/core.js
[32mSuccessfully compiled "app/js/p/app.js" in 0.296 seconds.[0m
[0mCompiling "app/js/p/app.js" from ["src/cljs" "env/dev/cljs"]...
notifying browser that file changed:  out/skarbnik/core.js
[32mSuccessfully compiled "app/js/p/app.js" in 0.271 seconds.[0m
[0mCompiling "app/js/p/app.js" from ["src/cljs" "env/dev/cljs"]...
notifying browser that file changed:  out/skarbnik/core.js
[32mSuccessfully compiled "app/js/p/app.js" in 0.278 seconds.[0m
[0mCompiling "app/js/p/app.js" from ["src/cljs" "env/dev/cljs"]...
notifying browser that file changed:  out/skarbnik/core.js
[32mSuccessfully compiled "app/js/p/app.js" in 0.304 seconds.[0m
[0mCompiling "app/js/p/app.js" from ["src/cljs" "env/dev/cljs"]...
notifying browser that file changed:  out/skarbnik/core.js
[32mSuccessfully compiled "app/js/p/app.js" in 0.253 seconds.[0m
[0mCompiling "app/js/p/app.js" from ["src/cljs" "env/dev/cljs"]...
notifying browser that file changed:  out/skarbnik/core.js
[32mSuccessfully compiled "app/js/p/app.js" in 0.29 seconds.[0m
[0mCompiling "app/js/p/app.js" from ["src/cljs" "env/dev/cljs"]...
notifying browser that file changed:  out/skarbnik/core.js
[32mSuccessfully compiled "app/js/p/app.js" in 0.274 seconds.[0m
[0mCompiling "app/js/p/app.js" from ["src/cljs" "env/dev/cljs"]...
notifying browser that file changed:  app/js/p/out/cljs_deps.js
notifying browser that file changed:  out/skarbnik/utils.js
[32mSuccessfully compiled "app/js/p/app.js" in 0.91 seconds.[0m
[0mCompiling "app/js/p/app.js" from ["src/cljs" "env/dev/cljs"]...
[31mCompiling "app/js/p/app.js" failed.
[0mANALYSIS ERROR: No such namespace: testdouble.cljs.csv, could not locate testdouble/cljs/csv.cljs, testdouble/cljs/csv.cljc, or Closure namespace "testdouble.cljs.csv" in file src/cljs/skarbnik/utils.cljs on file null, line null, column null
[32mSuccessfully compiled "app/js/p/app.js" in 0.105 seconds.[0m
[0mCompiling "app/js/p/app.js" from ["src/cljs" "env/dev/cljs"]...
notifying browser that file changed:  app/js/p/out/goog/deps.js
notifying browser that file changed:  app/js/p/out/cljs_deps.js
notifying browser that file changed:  out/skarbnik/utils.js
[32mSuccessfully compiled "app/js/p/app.js" in 0.53 seconds.[0m
[0mCompiling "app/js/p/app.js" from ["src/cljs" "env/dev/cljs"]...
notifying browser that file changed:  app/js/p/out/cljs_deps.js
notifying browser that file changed:  out/skarbnik/utils.js
[32mSuccessfully compiled "app/js/p/app.js" in 0.354 seconds.[0m
[0mCompiling "app/js/p/app.js" from ["src/cljs" "env/dev/cljs"]...
notifying browser that file changed:  out/skarbnik/utils.js
[32mSuccessfully compiled "app/js/p/app.js" in 0.331 seconds.[0m
[0mCompiling "app/js/p/app.js" from ["src/cljs" "env/dev/cljs"]...
notifying browser that file changed:  app/js/p/out/cljs_deps.js
notifying browser that file changed:  out/skarbnik/utils.js
[32mSuccessfully compiled "app/js/p/app.js" in 0.383 seconds.[0m
[0mCompiling "app/js/p/app.js" from ["src/cljs" "env/dev/cljs"]...
notifying browser that file changed:  app/js/p/out/cljs_deps.js
notifying browser that file changed:  out/skarbnik/utils.js
[32mSuccessfully compiled "app/js/p/app.js" in 0.33 seconds.[0m
[0mCompiling "app/js/p/app.js" from ["src/cljs" "env/dev/cljs"]...
notifying browser that file changed:  out/skarbnik/utils.js
[32mSuccessfully compiled "app/js/p/app.js" in 0.393 seconds.[0m
[0mCompiling "app/js/p/app.js" from ["src/cljs" "env/dev/cljs"]...
notifying browser that file changed:  out/skarbnik/utils.js
[32mSuccessfully compiled "app/js/p/app.js" in 0.34 seconds.[0m
[0mCompiling "app/js/p/app.js" from ["src/cljs" "env/dev/cljs"]...
notifying browser that file changed:  out/skarbnik/utils.js
[32mSuccessfully compiled "app/js/p/app.js" in 0.307 seconds.[0m
[0mCompiling "app/js/p/app.js" from ["src/cljs" "env/dev/cljs"]...
WARNING: Use of undeclared Var skarbnik.utils/scv->maps at line 46 src/cljs/skarbnik/core.cljs
notifying browser that file changed:  out/skarbnik/utils.js
[32mSuccessfully compiled "app/js/p/app.js" in 0.365 seconds.[0m
[0mCompiling "app/js/p/app.js" from ["src/cljs" "env/dev/cljs"]...
notifying browser that file changed:  out/skarbnik/core.js
[32mSuccessfully compiled "app/js/p/app.js" in 0.324 seconds.[0m
[0mCompiling "app/js/p/app.js" from ["src/cljs" "env/dev/cljs"]...
notifying browser that file changed:  out/skarbnik/utils.js
[32mSuccessfully compiled "app/js/p/app.js" in 0.323 seconds.[0m
[0mCompiling "app/js/p/app.js" from ["src/cljs" "env/dev/cljs"]...
notifying browser that file changed:  out/skarbnik/utils.js
[32mSuccessfully compiled "app/js/p/app.js" in 0.31 seconds.[0m
[0mCompiling "app/js/p/app.js" from ["src/cljs" "env/dev/cljs"]...
notifying browser that file changed:  out/skarbnik/utils.js
[32mSuccessfully compiled "app/js/p/app.js" in 0.308 seconds.[0m
[0mCompiling "app/js/p/app.js" from ["src/cljs" "env/dev/cljs"]...
notifying browser that file changed:  out/skarbnik/utils.js
[32mSuccessfully compiled "app/js/p/app.js" in 0.785 seconds.[0m
[0mCompiling "app/js/p/app.js" from ["src/cljs" "env/dev/cljs"]...
notifying browser that file changed:  out/skarbnik/utils.js
[32mSuccessfully compiled "app/js/p/app.js" in 0.295 seconds.[0m
[0mCompiling "app/js/p/app.js" from ["src/cljs" "env/dev/cljs"]...
notifying browser that file changed:  out/skarbnik/utils.js
[32mSuccessfully compiled "app/js/p/app.js" in 0.29 seconds.[0m
[0mCompiling "app/js/p/app.js" from ["src/cljs" "env/dev/cljs"]...
notifying browser that file changed:  out/skarbnik/utils.js
[32mSuccessfully compiled "app/js/p/app.js" in 0.322 seconds.[0m
[0mCompiling "app/js/p/app.js" from ["src/cljs" "env/dev/cljs"]...
notifying browser that file changed:  out/skarbnik/utils.js
[32mSuccessfully compiled "app/js/p/app.js" in 0.299 seconds.[0m
[0mCompiling "app/js/p/app.js" from ["src/cljs" "env/dev/cljs"]...
notifying browser that file changed:  out/skarbnik/utils.js
[32mSuccessfully compiled "app/js/p/app.js" in 0.366 seconds.[0m
[0mCompiling "app/js/p/app.js" from ["src/cljs" "env/dev/cljs"]...
notifying browser that file changed:  out/skarbnik/core.js
[32mSuccessfully compiled "app/js/p/app.js" in 0.307 seconds.[0m
[0mCompiling "app/js/p/app.js" from ["src/cljs" "env/dev/cljs"]...
notifying browser that file changed:  out/skarbnik/utils.js
[32mSuccessfully compiled "app/js/p/app.js" in 0.306 seconds.[0m
[0mCompiling "app/js/p/app.js" from ["src/cljs" "env/dev/cljs"]...
notifying browser that file changed:  out/skarbnik/utils.js
[32mSuccessfully compiled "app/js/p/app.js" in 0.354 seconds.[0m
[0mCompiling "app/js/p/app.js" from ["src/cljs" "env/dev/cljs"]...
notifying browser that file changed:  out/skarbnik/utils.js
[32mSuccessfully compiled "app/js/p/app.js" in 0.333 seconds.[0m
Compiling build :app to "app/js/p/app.js" from ("src/cljs" "env/dev/cljs")...
Options passed to ClojureScript compiler: {:output-dir "app/js/p/out", :closure-warnings {:check-types :off, :check-variables :off}, :closure-defines {}, :ups-libs nil, :cache-analysis true, :closure-module-roots [], :optimizations :none, :ups-foreign-libs [{:file "cljsjs/development/marked.inc.js", :provides ["cljsjs.marked"], :file-min "cljsjs/production/marked.min.inc.js"} {:file "cljsjs/react-dom/development/react-dom.inc.js", :file-min "cljsjs/react-dom/production/react-dom.min.inc.js", :provides ["react-dom" "cljsjs.react.dom"], :requires ["react"], :global-exports {react-dom ReactDOM}} {:file "cljsjs/react-dom/development/react-dom-server.browser.inc.js", :file-min "cljsjs/react-dom/production/react-dom-server.browser.min.inc.js", :provides ["react-dom/server" "cljsjs.react.dom.server"], :requires ["react-dom"], :global-exports #:react-dom{server ReactDOMServer}} {:file "cljsjs/react-dom/development/react-dom-test-utils.inc.js", :file-min "cljsjs/react-dom/production/react-dom-test-utils.min.inc.js", :provides ["react-dom/test-utils" "cljsjs.react.dom.test-utils"], :requires ["react-dom"], :global-exports #:react-dom{test-utils ReactTestUtils}} {:file "cljsjs/react/development/react.inc.js", :provides ["react" "cljsjs.react"], :requires [], :file-min "cljsjs/react/production/react.min.inc.js", :global-exports {react React}} {:file "cljsjs/create-react-class/development/create-react-class.inc.js", :provides ["create-react-class" "cljsjs.create-react-class"], :requires ["react"], :file-min "cljsjs/create-react-class/production/create-react-class.min.inc.js", :global-exports {create-react-class createReactClass}}], :verbose true, :aot-cache false, :preloads [devtools.preload figwheel.connect process.env], :ignore-js-module-exts [".css"], :output-to "app/js/p/app.js", :source-map-timestamp true, :preamble ["cljs/imul.js"], :asset-path "js/p/out", :ups-externs ("cljsjs/marked/common/marked.ext.js" "cljsjs/react-dom/common/react-dom-test-utils.ext.js" "cljsjs/react-dom/common/react-dom-server.ext.js" "cljsjs/react-dom/common/react-dom.ext.js" "om/externs.js" "cljsjs/react/common/react.ext.js" "cljsjs/nodejs-externs/common/crypto.js" "cljsjs/nodejs-externs/common/tls.js" "cljsjs/nodejs-externs/common/dgram.js" "cljsjs/nodejs-externs/common/dns.js" "cljsjs/nodejs-externs/common/zlib.js" "cljsjs/nodejs-externs/common/os.js" "cljsjs/nodejs-externs/common/cluster.js" "cljsjs/nodejs-externs/common/tty.js" "cljsjs/nodejs-externs/common/querystring.js" "cljsjs/nodejs-externs/common/net.js" "cljsjs/nodejs-externs/common/string_decoder.js" "cljsjs/nodejs-externs/common/readline.js" "cljsjs/nodejs-externs/common/core.js" "cljsjs/nodejs-externs/common/child_process.js" "cljsjs/nodejs-externs/common/path.js" "cljsjs/nodejs-externs/common/url.js" "cljsjs/nodejs-externs/common/events.js" "cljsjs/nodejs-externs/common/buffer.js" "cljsjs/nodejs-externs/common/process.js" "cljsjs/nodejs-externs/common/assert.js" "cljsjs/nodejs-externs/common/vm.js" "cljsjs/nodejs-externs/common/domain.js" "cljsjs/nodejs-externs/common/util.js" "cljsjs/nodejs-externs/common/http.js" "cljsjs/nodejs-externs/common/repl.js" "cljsjs/nodejs-externs/common/stream.js" "cljsjs/nodejs-externs/common/https.js" "cljsjs/nodejs-externs/common/punycode.js" "cljsjs/nodejs-externs/common/fs.js" "cljsjs/create-react-class/common/create-react-class.ext.js"), :opts-cache "cljsc_opts.edn", :source-map true, :cache-analysis-format :transit, :external-config {:ghostwheel {:check true, :num-tests 10}, :figwheel/config {:on-jsload "skarbnik.core/mount-root", :build-id "app", :websocket-url "ws://localhost:3449/figwheel-ws"}}, :main "skarbnik.dev", :pretty-print true, :emit-constants nil}
Compiling src/cljs/skarbnik/logic.cljs to app/js/p/out/skarbnik/logic.js
Compiling src/cljs/skarbnik/components.cljs to app/js/p/out/skarbnik/components.js
Compiling src/cljs/skarbnik/home.cljs to app/js/p/out/skarbnik/home.js
Compiling /Users/megatron/Documents/clojure-land/skarbnik/src/cljs/skarbnik/bank_account.cljs to app/js/p/out/skarbnik/bank_account.js
Compiling /Users/megatron/Documents/clojure-land/skarbnik/src/cljs/skarbnik/credit_account.cljs to app/js/p/out/skarbnik/credit_account.js
Compiling src/cljs/skarbnik/core.cljs to app/js/p/out/skarbnik/core.js
Compiling env/dev/cljs/skarbnik/dev.cljs to app/js/p/out/skarbnik/dev.js
Copying file:/Users/megatron/Documents/clojure-land/skarbnik/src/cljs/skarbnik/logic.cljs to app/js/p/out/skarbnik/logic.cljs
[32mSuccessfully compiled build :app to "app/js/p/app.js" in 2.475 seconds.[0m
notifying browser that file changed:  app/js/p/out/goog/deps.js
notifying browser that file changed:  app/js/p/out/cljs_deps.js
notifying browser that file changed:  app/js/p/out/skarbnik/logic.js
Compiling build :app to "app/js/p/app.js" from ("src/cljs" "env/dev/cljs")...
Options passed to ClojureScript compiler: {:output-dir "app/js/p/out", :closure-warnings {:check-types :off, :check-variables :off}, :closure-defines {}, :ups-libs nil, :cache-analysis true, :closure-module-roots [], :optimizations :none, :ups-foreign-libs [{:file "cljsjs/development/marked.inc.js", :provides ["cljsjs.marked"], :file-min "cljsjs/production/marked.min.inc.js"} {:file "cljsjs/react-dom/development/react-dom.inc.js", :file-min "cljsjs/react-dom/production/react-dom.min.inc.js", :provides ["react-dom" "cljsjs.react.dom"], :requires ["react"], :global-exports {react-dom ReactDOM}} {:file "cljsjs/react-dom/development/react-dom-server.browser.inc.js", :file-min "cljsjs/react-dom/production/react-dom-server.browser.min.inc.js", :provides ["react-dom/server" "cljsjs.react.dom.server"], :requires ["react-dom"], :global-exports #:react-dom{server ReactDOMServer}} {:file "cljsjs/react-dom/development/react-dom-test-utils.inc.js", :file-min "cljsjs/react-dom/production/react-dom-test-utils.min.inc.js", :provides ["react-dom/test-utils" "cljsjs.react.dom.test-utils"], :requires ["react-dom"], :global-exports #:react-dom{test-utils ReactTestUtils}} {:file "cljsjs/react/development/react.inc.js", :provides ["react" "cljsjs.react"], :requires [], :file-min "cljsjs/react/production/react.min.inc.js", :global-exports {react React}} {:file "cljsjs/create-react-class/development/create-react-class.inc.js", :provides ["create-react-class" "cljsjs.create-react-class"], :requires ["react"], :file-min "cljsjs/create-react-class/production/create-react-class.min.inc.js", :global-exports {create-react-class createReactClass}}], :verbose true, :aot-cache false, :preloads [devtools.preload figwheel.connect process.env], :ignore-js-module-exts [".css"], :output-to "app/js/p/app.js", :source-map-timestamp true, :preamble ["cljs/imul.js"], :asset-path "js/p/out", :ups-externs ("cljsjs/marked/common/marked.ext.js" "cljsjs/react-dom/common/react-dom-test-utils.ext.js" "cljsjs/react-dom/common/react-dom-server.ext.js" "cljsjs/react-dom/common/react-dom.ext.js" "om/externs.js" "cljsjs/react/common/react.ext.js" "cljsjs/nodejs-externs/common/crypto.js" "cljsjs/nodejs-externs/common/tls.js" "cljsjs/nodejs-externs/common/dgram.js" "cljsjs/nodejs-externs/common/dns.js" "cljsjs/nodejs-externs/common/zlib.js" "cljsjs/nodejs-externs/common/os.js" "cljsjs/nodejs-externs/common/cluster.js" "cljsjs/nodejs-externs/common/tty.js" "cljsjs/nodejs-externs/common/querystring.js" "cljsjs/nodejs-externs/common/net.js" "cljsjs/nodejs-externs/common/string_decoder.js" "cljsjs/nodejs-externs/common/readline.js" "cljsjs/nodejs-externs/common/core.js" "cljsjs/nodejs-externs/common/child_process.js" "cljsjs/nodejs-externs/common/path.js" "cljsjs/nodejs-externs/common/url.js" "cljsjs/nodejs-externs/common/events.js" "cljsjs/nodejs-externs/common/buffer.js" "cljsjs/nodejs-externs/common/process.js" "cljsjs/nodejs-externs/common/assert.js" "cljsjs/nodejs-externs/common/vm.js" "cljsjs/nodejs-externs/common/domain.js" "cljsjs/nodejs-externs/common/util.js" "cljsjs/nodejs-externs/common/http.js" "cljsjs/nodejs-externs/common/repl.js" "cljsjs/nodejs-externs/common/stream.js" "cljsjs/nodejs-externs/common/https.js" "cljsjs/nodejs-externs/common/punycode.js" "cljsjs/nodejs-externs/common/fs.js" "cljsjs/create-react-class/common/create-react-class.ext.js"), :opts-cache "cljsc_opts.edn", :source-map true, :cache-analysis-format :transit, :external-config {:ghostwheel {:check true, :num-tests 10}, :figwheel/config {:on-jsload "skarbnik.core/mount-root", :build-id "app", :websocket-url "ws://localhost:3449/figwheel-ws"}}, :main "skarbnik.dev", :pretty-print true, :emit-constants nil}
Compiling src/cljs/skarbnik/logic.cljs to app/js/p/out/skarbnik/logic.js
Compiling src/cljs/skarbnik/components.cljs to app/js/p/out/skarbnik/components.js
Compiling src/cljs/skarbnik/home.cljs to app/js/p/out/skarbnik/home.js
Compiling /Users/megatron/Documents/clojure-land/skarbnik/src/cljs/skarbnik/bank_account.cljs to app/js/p/out/skarbnik/bank_account.js
Compiling /Users/megatron/Documents/clojure-land/skarbnik/src/cljs/skarbnik/credit_account.cljs to app/js/p/out/skarbnik/credit_account.js
Compiling src/cljs/skarbnik/core.cljs to app/js/p/out/skarbnik/core.js
Compiling env/dev/cljs/skarbnik/dev.cljs to app/js/p/out/skarbnik/dev.js
Copying file:/Users/megatron/Documents/clojure-land/skarbnik/src/cljs/skarbnik/logic.cljs to app/js/p/out/skarbnik/logic.cljs
[32mSuccessfully compiled build :app to "app/js/p/app.js" in 2.598 seconds.[0m
notifying browser that file changed:  app/js/p/out/skarbnik/logic.js
